# JRE version: OpenJDK Runtime Environment Temurin-17.0.11+9 (17.0.11+9) (build 17.0.11+9)
# Java VM: OpenJDK 64-Bit Server VM Temurin-17.0.11+9 (17.0.11+9, mixed mode, tiered, compressed oops, compressed class ptrs, parallel gc, windows-amd64)
GC Precious Log:
 CPUs: 8 total, 8 available
 Memory: 6091M
 Large Page Support: Disabled
 NUMA Support: Disabled
 Compressed Oops: Enabled (32-bit)
 Alignments: Space 512K, Generation 512K, Heap 2M
 Heap Min Capacity: 100M
 Heap Initial Capacity: 100M
 Heap Max Capacity: 1G
 Pre-touch: Disabled
 Parallel Workers: 8
Heap:
 PSYoungGen      total 7680K, used 1858K [0x00000000eab00000, 0x00000000eb380000, 0x0000000100000000)
  eden space 6656K, 12% used [0x00000000eab00000,0x00000000eabd6258,0x00000000eb180000)
  from space 1024K, 97% used [0x00000000eb280000,0x00000000eb37a7e8,0x00000000eb380000)
  to   space 1024K, 0% used [0x00000000eb180000,0x00000000eb180000,0x00000000eb280000)
 ParOldGen       total 209408K, used 189835K [0x00000000c0000000, 0x00000000ccc80000, 0x00000000eab00000)
  object space 209408K, 90% used [0x00000000c0000000,0x00000000cb962cb8,0x00000000ccc80000)
 Metaspace       used 74089K, committed 75264K, reserved 1179648K
  class space    used 8935K, committed 9408K, reserved 1048576K
GC Heap History (20 events):
Event: 139.653 GC heap before
{Heap before GC invocations=375 (full 20):
 PSYoungGen      total 7168K, used 6880K [0x00000000eab00000, 0x00000000eb400000, 0x0000000100000000)
  eden space 6656K, 100% used [0x00000000eab00000,0x00000000eb180000,0x00000000eb180000)
  from space 512K, 43% used [0x00000000eb380000,0x00000000eb3b8000,0x00000000eb400000)
  to   space 512K, 0% used [0x00000000eb300000,0x00000000eb300000,0x00000000eb380000)
 ParOldGen       total 209408K, used 187906K [0x00000000c0000000, 0x00000000ccc80000, 0x00000000eab00000)
  object space 209408K, 89% used [0x00000000c0000000,0x00000000cb780a50,0x00000000ccc80000)
 Metaspace       used 72670K, committed 73856K, reserved 1114112K
  class space    used 8770K, committed 9280K, reserved 1048576K
}
Event: 139.655 GC heap after
{Heap after GC invocations=375 (full 20):
 PSYoungGen      total 7168K, used 224K [0x00000000eab00000, 0x00000000eb400000, 0x0000000100000000)
  eden space 6656K, 0% used [0x00000000eab00000,0x00000000eab00000,0x00000000eb180000)
  from space 512K, 43% used [0x00000000eb300000,0x00000000eb338000,0x00000000eb380000)
  to   space 512K, 0% used [0x00000000eb380000,0x00000000eb380000,0x00000000eb400000)
 ParOldGen       total 209408K, used 187914K [0x00000000c0000000, 0x00000000ccc80000, 0x00000000eab00000)
  object space 209408K, 89% used [0x00000000c0000000,0x00000000cb782a50,0x00000000ccc80000)
 Metaspace       used 72670K, committed 73856K, reserved 1114112K
  class space    used 8770K, committed 9280K, reserved 1048576K
}
Event: 140.000 GC heap before
{Heap before GC invocations=376 (full 20):
 PSYoungGen      total 7168K, used 6880K [0x00000000eab00000, 0x00000000eb400000, 0x0000000100000000)
  eden space 6656K, 100% used [0x00000000eab00000,0x00000000eb180000,0x00000000eb180000)
  from space 512K, 43% used [0x00000000eb300000,0x00000000eb338000,0x00000000eb380000)
  to   space 512K, 0% used [0x00000000eb380000,0x00000000eb380000,0x00000000eb400000)
 ParOldGen       total 209408K, used 187914K [0x00000000c0000000, 0x00000000ccc80000, 0x00000000eab00000)
  object space 209408K, 89% used [0x00000000c0000000,0x00000000cb782a50,0x00000000ccc80000)
 Metaspace       used 72670K, committed 73856K, reserved 1114112K
  class space    used 8770K, committed 9280K, reserved 1048576K
}
Event: 140.002 GC heap after
{Heap after GC invocations=376 (full 20):
 PSYoungGen      total 7168K, used 128K [0x00000000eab00000, 0x00000000eb400000, 0x0000000100000000)
  eden space 6656K, 0% used [0x00000000eab00000,0x00000000eab00000,0x00000000eb180000)
  from space 512K, 25% used [0x00000000eb380000,0x00000000eb3a0000,0x00000000eb400000)
  to   space 512K, 0% used [0x00000000eb300000,0x00000000eb300000,0x00000000eb380000)
 ParOldGen       total 209408K, used 187938K [0x00000000c0000000, 0x00000000ccc80000, 0x00000000eab00000)
  object space 209408K, 89% used [0x00000000c0000000,0x00000000cb788a50,0x00000000ccc80000)
 Metaspace       used 72670K, committed 73856K, reserved 1114112K
  class space    used 8770K, committed 9280K, reserved 1048576K
}
Event: 140.017 GC heap before
{Heap before GC invocations=377 (full 20):
 PSYoungGen      total 7168K, used 6784K [0x00000000eab00000, 0x00000000eb400000, 0x0000000100000000)
  eden space 6656K, 100% used [0x00000000eab00000,0x00000000eb180000,0x00000000eb180000)
  from space 512K, 25% used [0x00000000eb380000,0x00000000eb3a0000,0x00000000eb400000)
  to   space 512K, 0% used [0x00000000eb300000,0x00000000eb300000,0x00000000eb380000)
 ParOldGen       total 209408K, used 187938K [0x00000000c0000000, 0x00000000ccc80000, 0x00000000eab00000)
  object space 209408K, 89% used [0x00000000c0000000,0x00000000cb788a50,0x00000000ccc80000)
 Metaspace       used 72670K, committed 73856K, reserved 1114112K
  class space    used 8770K, committed 9280K, reserved 1048576K
}
Event: 140.018 GC heap after
{Heap after GC invocations=377 (full 20):
 PSYoungGen      total 7168K, used 160K [0x00000000eab00000, 0x00000000eb400000, 0x0000000100000000)
  eden space 6656K, 0% used [0x00000000eab00000,0x00000000eab00000,0x00000000eb180000)
  from space 512K, 31% used [0x00000000eb300000,0x00000000eb328000,0x00000000eb380000)
  to   space 512K, 0% used [0x00000000eb380000,0x00000000eb380000,0x00000000eb400000)
 ParOldGen       total 209408K, used 187994K [0x00000000c0000000, 0x00000000ccc80000, 0x00000000eab00000)
  object space 209408K, 89% used [0x00000000c0000000,0x00000000cb796a50,0x00000000ccc80000)
 Metaspace       used 72670K, committed 73856K, reserved 1114112K
  class space    used 8770K, committed 9280K, reserved 1048576K
}
Event: 140.634 GC heap before
{Heap before GC invocations=378 (full 20):
 PSYoungGen      total 7168K, used 6816K [0x00000000eab00000, 0x00000000eb400000, 0x0000000100000000)
  eden space 6656K, 100% used [0x00000000eab00000,0x00000000eb180000,0x00000000eb180000)
  from space 512K, 31% used [0x00000000eb300000,0x00000000eb328000,0x00000000eb380000)
  to   space 512K, 0% used [0x00000000eb380000,0x00000000eb380000,0x00000000eb400000)
 ParOldGen       total 209408K, used 187994K [0x00000000c0000000, 0x00000000ccc80000, 0x00000000eab00000)
  object space 209408K, 89% used [0x00000000c0000000,0x00000000cb796a50,0x00000000ccc80000)
 Metaspace       used 72670K, committed 73856K, reserved 1114112K
  class space    used 8770K, committed 9280K, reserved 1048576K
}
Event: 140.635 GC heap after
{Heap after GC invocations=378 (full 20):
 PSYoungGen      total 7168K, used 96K [0x00000000eab00000, 0x00000000eb400000, 0x0000000100000000)
  eden space 6656K, 0% used [0x00000000eab00000,0x00000000eab00000,0x00000000eb180000)
  from space 512K, 18% used [0x00000000eb380000,0x00000000eb398000,0x00000000eb400000)
  to   space 512K, 0% used [0x00000000eb300000,0x00000000eb300000,0x00000000eb380000)
 ParOldGen       total 209408K, used 188050K [0x00000000c0000000, 0x00000000ccc80000, 0x00000000eab00000)
  object space 209408K, 89% used [0x00000000c0000000,0x00000000cb7a4a50,0x00000000ccc80000)
 Metaspace       used 72670K, committed 73856K, reserved 1114112K
  class space    used 8770K, committed 9280K, reserved 1048576K
}
Event: 160.603 GC heap before
{Heap before GC invocations=379 (full 20):
 PSYoungGen      total 7168K, used 6752K [0x00000000eab00000, 0x00000000eb400000, 0x0000000100000000)
  eden space 6656K, 100% used [0x00000000eab00000,0x00000000eb180000,0x00000000eb180000)
  from space 512K, 18% used [0x00000000eb380000,0x00000000eb398000,0x00000000eb400000)
  to   space 512K, 0% used [0x00000000eb300000,0x00000000eb300000,0x00000000eb380000)
 ParOldGen       total 209408K, used 188050K [0x00000000c0000000, 0x00000000ccc80000, 0x00000000eab00000)
  object space 209408K, 89% used [0x00000000c0000000,0x00000000cb7a4a50,0x00000000ccc80000)
 Metaspace       used 72874K, committed 74048K, reserved 1114112K
  class space    used 8804K, committed 9344K, reserved 1048576K
}
Event: 160.606 GC heap after
{Heap after GC invocations=379 (full 20):
 PSYoungGen      total 7168K, used 512K [0x00000000eab00000, 0x00000000eb400000, 0x0000000100000000)
  eden space 6656K, 0% used [0x00000000eab00000,0x00000000eab00000,0x00000000eb180000)
  from space 512K, 100% used [0x00000000eb300000,0x00000000eb380000,0x00000000eb380000)
  to   space 512K, 0% used [0x00000000eb380000,0x00000000eb380000,0x00000000eb400000)
 ParOldGen       total 209408K, used 188074K [0x00000000c0000000, 0x00000000ccc80000, 0x00000000eab00000)
  object space 209408K, 89% used [0x00000000c0000000,0x00000000cb7aaa50,0x00000000ccc80000)
 Metaspace       used 72874K, committed 74048K, reserved 1114112K
  class space    used 8804K, committed 9344K, reserved 1048576K
}
Event: 161.572 GC heap before
{Heap before GC invocations=380 (full 20):
 PSYoungGen      total 7168K, used 7168K [0x00000000eab00000, 0x00000000eb400000, 0x0000000100000000)
  eden space 6656K, 100% used [0x00000000eab00000,0x00000000eb180000,0x00000000eb180000)
  from space 512K, 100% used [0x00000000eb300000,0x00000000eb380000,0x00000000eb380000)
  to   space 512K, 0% used [0x00000000eb380000,0x00000000eb380000,0x00000000eb400000)
 ParOldGen       total 209408K, used 188074K [0x00000000c0000000, 0x00000000ccc80000, 0x00000000eab00000)
  object space 209408K, 89% used [0x00000000c0000000,0x00000000cb7aaa50,0x00000000ccc80000)
 Metaspace       used 73009K, committed 74112K, reserved 1114112K
  class space    used 8825K, committed 9344K, reserved 1048576K
}
Event: 161.578 GC heap after
{Heap after GC invocations=380 (full 20):
 PSYoungGen      total 7168K, used 506K [0x00000000eab00000, 0x00000000eb580000, 0x0000000100000000)
  eden space 6656K, 0% used [0x00000000eab00000,0x00000000eab00000,0x00000000eb180000)
  from space 512K, 98% used [0x00000000eb380000,0x00000000eb3fe800,0x00000000eb400000)
  to   space 2048K, 0% used [0x00000000eb180000,0x00000000eb180000,0x00000000eb380000)
 ParOldGen       total 209408K, used 189217K [0x00000000c0000000, 0x00000000ccc80000, 0x00000000eab00000)
  object space 209408K, 90% used [0x00000000c0000000,0x00000000cb8c8488,0x00000000ccc80000)
 Metaspace       used 73009K, committed 74112K, reserved 1114112K
  class space    used 8825K, committed 9344K, reserved 1048576K
}
Event: 166.207 GC heap before
{Heap before GC invocations=381 (full 20):
 PSYoungGen      total 7168K, used 7162K [0x00000000eab00000, 0x00000000eb580000, 0x0000000100000000)
  eden space 6656K, 100% used [0x00000000eab00000,0x00000000eb180000,0x00000000eb180000)
  from space 512K, 98% used [0x00000000eb380000,0x00000000eb3fe800,0x00000000eb400000)
  to   space 2048K, 0% used [0x00000000eb180000,0x00000000eb180000,0x00000000eb380000)
 ParOldGen       total 209408K, used 189217K [0x00000000c0000000, 0x00000000ccc80000, 0x00000000eab00000)
  object space 209408K, 90% used [0x00000000c0000000,0x00000000cb8c8488,0x00000000ccc80000)
 Metaspace       used 73099K, committed 74240K, reserved 1114112K
  class space    used 8830K, committed 9344K, reserved 1048576K
}
Event: 166.210 GC heap after
{Heap after GC invocations=381 (full 20):
 PSYoungGen      total 7680K, used 810K [0x00000000eab00000, 0x00000000eb480000, 0x0000000100000000)
  eden space 6656K, 0% used [0x00000000eab00000,0x00000000eab00000,0x00000000eb180000)
  from space 1024K, 79% used [0x00000000eb180000,0x00000000eb24a830,0x00000000eb280000)
  to   space 1536K, 0% used [0x00000000eb300000,0x00000000eb300000,0x00000000eb480000)
 ParOldGen       total 209408K, used 189225K [0x00000000c0000000, 0x00000000ccc80000, 0x00000000eab00000)
  object space 209408K, 90% used [0x00000000c0000000,0x00000000cb8ca488,0x00000000ccc80000)
 Metaspace       used 73099K, committed 74240K, reserved 1114112K
  class space    used 8830K, committed 9344K, reserved 1048576K
}
Event: 167.536 GC heap before
{Heap before GC invocations=382 (full 20):
 PSYoungGen      total 7680K, used 7466K [0x00000000eab00000, 0x00000000eb480000, 0x0000000100000000)
  eden space 6656K, 100% used [0x00000000eab00000,0x00000000eb180000,0x00000000eb180000)
  from space 1024K, 79% used [0x00000000eb180000,0x00000000eb24a830,0x00000000eb280000)
  to   space 1536K, 0% used [0x00000000eb300000,0x00000000eb300000,0x00000000eb480000)
 ParOldGen       total 209408K, used 189225K [0x00000000c0000000, 0x00000000ccc80000, 0x00000000eab00000)
  object space 209408K, 90% used [0x00000000c0000000,0x00000000cb8ca488,0x00000000ccc80000)
 Metaspace       used 73188K, committed 74368K, reserved 1114112K
  class space    used 8843K, committed 9344K, reserved 1048576K
}
Event: 167.539 GC heap after
{Heap after GC invocations=382 (full 20):
 PSYoungGen      total 7680K, used 714K [0x00000000eab00000, 0x00000000eb400000, 0x0000000100000000)
  eden space 6656K, 0% used [0x00000000eab00000,0x00000000eab00000,0x00000000eb180000)
  from space 1024K, 69% used [0x00000000eb300000,0x00000000eb3b2830,0x00000000eb400000)
  to   space 1024K, 0% used [0x00000000eb180000,0x00000000eb180000,0x00000000eb280000)
 ParOldGen       total 209408K, used 189233K [0x00000000c0000000, 0x00000000ccc80000, 0x00000000eab00000)
  object space 209408K, 90% used [0x00000000c0000000,0x00000000cb8cc488,0x00000000ccc80000)
 Metaspace       used 73188K, committed 74368K, reserved 1114112K
  class space    used 8843K, committed 9344K, reserved 1048576K
}
Event: 168.063 GC heap before
{Heap before GC invocations=383 (full 20):
 PSYoungGen      total 7680K, used 7370K [0x00000000eab00000, 0x00000000eb400000, 0x0000000100000000)
  eden space 6656K, 100% used [0x00000000eab00000,0x00000000eb180000,0x00000000eb180000)
  from space 1024K, 69% used [0x00000000eb300000,0x00000000eb3b2830,0x00000000eb400000)
  to   space 1024K, 0% used [0x00000000eb180000,0x00000000eb180000,0x00000000eb280000)
 ParOldGen       total 209408K, used 189233K [0x00000000c0000000, 0x00000000ccc80000, 0x00000000eab00000)
  object space 209408K, 90% used [0x00000000c0000000,0x00000000cb8cc488,0x00000000ccc80000)
 Metaspace       used 73599K, committed 74752K, reserved 1179648K
  class space    used 8883K, committed 9408K, reserved 1048576K
}
Event: 168.067 GC heap after
{Heap after GC invocations=383 (full 20):
 PSYoungGen      total 7680K, used 967K [0x00000000eab00000, 0x00000000eb380000, 0x0000000100000000)
  eden space 6656K, 0% used [0x00000000eab00000,0x00000000eab00000,0x00000000eb180000)
  from space 1024K, 94% used [0x00000000eb180000,0x00000000eb271fe8,0x00000000eb280000)
  to   space 1024K, 0% used [0x00000000eb280000,0x00000000eb280000,0x00000000eb380000)
 ParOldGen       total 209408K, used 189241K [0x00000000c0000000, 0x00000000ccc80000, 0x00000000eab00000)
  object space 209408K, 90% used [0x00000000c0000000,0x00000000cb8ce488,0x00000000ccc80000)
 Metaspace       used 73599K, committed 74752K, reserved 1179648K
  class space    used 8883K, committed 9408K, reserved 1048576K
}
Event: 168.406 GC heap before
{Heap before GC invocations=384 (full 20):
 PSYoungGen      total 7680K, used 7623K [0x00000000eab00000, 0x00000000eb380000, 0x0000000100000000)
  eden space 6656K, 100% used [0x00000000eab00000,0x00000000eb180000,0x00000000eb180000)
  from space 1024K, 94% used [0x00000000eb180000,0x00000000eb271fe8,0x00000000eb280000)
  to   space 1024K, 0% used [0x00000000eb280000,0x00000000eb280000,0x00000000eb380000)
 ParOldGen       total 209408K, used 189241K [0x00000000c0000000, 0x00000000ccc80000, 0x00000000eab00000)
  object space 209408K, 90% used [0x00000000c0000000,0x00000000cb8ce488,0x00000000ccc80000)
 Metaspace       used 74066K, committed 75200K, reserved 1179648K
  class space    used 8934K, committed 9408K, reserved 1048576K
}
Event: 168.413 GC heap after
{Heap after GC invocations=384 (full 20):
 PSYoungGen      total 7680K, used 1001K [0x00000000eab00000, 0x00000000eb380000, 0x0000000100000000)
  eden space 6656K, 0% used [0x00000000eab00000,0x00000000eab00000,0x00000000eb180000)
  from space 1024K, 97% used [0x00000000eb280000,0x00000000eb37a7e8,0x00000000eb380000)
  to   space 1024K, 0% used [0x00000000eb180000,0x00000000eb180000,0x00000000eb280000)
 ParOldGen       total 209408K, used 189835K [0x00000000c0000000, 0x00000000ccc80000, 0x00000000eab00000)
  object space 209408K, 90% used [0x00000000c0000000,0x00000000cb962cb8,0x00000000ccc80000)
 Metaspace       used 74066K, committed 75200K, reserved 1179648K
  class space    used 8934K, committed 9408K, reserved 1048576K
}

